Determining if the pthread_create exist failed with the following output:
Change Dir: /home/winter/Desktop/slam/slambook-master/project/newslam/build/CMakeFiles/CMakeTmp

Run Build Command:"/usr/bin/make" "cmTC_727b0/fast"
make[1]: Entering directory '/home/winter/Desktop/slam/slambook-master/project/newslam/build/CMakeFiles/CMakeTmp'
/usr/bin/make -f CMakeFiles/cmTC_727b0.dir/build.make CMakeFiles/cmTC_727b0.dir/build
make[2]: Entering directory '/home/winter/Desktop/slam/slambook-master/project/newslam/build/CMakeFiles/CMakeTmp'
Building C object CMakeFiles/cmTC_727b0.dir/CheckSymbolExists.c.o
/usr/bin/cc     -o CMakeFiles/cmTC_727b0.dir/CheckSymbolExists.c.o   -c /home/winter/Desktop/slam/slambook-master/project/newslam/build/CMakeFiles/CMakeTmp/CheckSymbolExists.c
Linking C executable cmTC_727b0
/usr/bin/cmake -E cmake_link_script CMakeFiles/cmTC_727b0.dir/link.txt --verbose=1
/usr/bin/cc       CMakeFiles/cmTC_727b0.dir/CheckSymbolExists.c.o  -o cmTC_727b0 -rdynamic 
CMakeFiles/cmTC_727b0.dir/CheckSymbolExists.c.o: In function `main':
CheckSymbolExists.c:(.text+0x16): undefined reference to `pthread_create'
collect2: error: ld returned 1 exit status
CMakeFiles/cmTC_727b0.dir/build.make:97: recipe for target 'cmTC_727b0' failed
make[2]: *** [cmTC_727b0] Error 1
make[2]: Leaving directory '/home/winter/Desktop/slam/slambook-master/project/newslam/build/CMakeFiles/CMakeTmp'
Makefile:126: recipe for target 'cmTC_727b0/fast' failed
make[1]: *** [cmTC_727b0/fast] Error 2
make[1]: Leaving directory '/home/winter/Desktop/slam/slambook-master/project/newslam/build/CMakeFiles/CMakeTmp'

File /home/winter/Desktop/slam/slambook-master/project/newslam/build/CMakeFiles/CMakeTmp/CheckSymbolExists.c:
/* */
#include <pthread.h>

int main(int argc, char** argv)
{
  (void)argv;
#ifndef pthread_create
  return ((int*)(&pthread_create))[argc];
#else
  (void)argc;
  return 0;
#endif
}

Determining if the function pthread_create exists in the pthreads failed with the following output:
Change Dir: /home/winter/Desktop/slam/slambook-master/project/newslam/build/CMakeFiles/CMakeTmp

Run Build Command:"/usr/bin/make" "cmTC_e800c/fast"
make[1]: Entering directory '/home/winter/Desktop/slam/slambook-master/project/newslam/build/CMakeFiles/CMakeTmp'
/usr/bin/make -f CMakeFiles/cmTC_e800c.dir/build.make CMakeFiles/cmTC_e800c.dir/build
make[2]: Entering directory '/home/winter/Desktop/slam/slambook-master/project/newslam/build/CMakeFiles/CMakeTmp'
Building C object CMakeFiles/cmTC_e800c.dir/CheckFunctionExists.c.o
/usr/bin/cc    -DCHECK_FUNCTION_EXISTS=pthread_create   -o CMakeFiles/cmTC_e800c.dir/CheckFunctionExists.c.o   -c /usr/share/cmake-3.5/Modules/CheckFunctionExists.c
Linking C executable cmTC_e800c
/usr/bin/cmake -E cmake_link_script CMakeFiles/cmTC_e800c.dir/link.txt --verbose=1
/usr/bin/cc   -DCHECK_FUNCTION_EXISTS=pthread_create    CMakeFiles/cmTC_e800c.dir/CheckFunctionExists.c.o  -o cmTC_e800c -rdynamic -lpthreads 
/usr/bin/ld: cannot find -lpthreads
collect2: error: ld returned 1 exit status
CMakeFiles/cmTC_e800c.dir/build.make:97: recipe for target 'cmTC_e800c' failed
make[2]: *** [cmTC_e800c] Error 1
make[2]: Leaving directory '/home/winter/Desktop/slam/slambook-master/project/newslam/build/CMakeFiles/CMakeTmp'
Makefile:126: recipe for target 'cmTC_e800c/fast' failed
make[1]: *** [cmTC_e800c/fast] Error 2
make[1]: Leaving directory '/home/winter/Desktop/slam/slambook-master/project/newslam/build/CMakeFiles/CMakeTmp'


